C:\USERS\MAHE\DOCUMENTS\VISUAL STUDIO 2012\PROJECTS\OSCARSELFIE\OSCARSELFIE\X64\DEBUG\SOURCE.OBJ
C:\USERS\MAHE\DOCUMENTS\VISUAL STUDIO 2012\PROJECTS\OSCARSELFIE\OSCARSELFIE\X64\DEBUG\VC110.PDB
C:\USERS\MAHE\DOCUMENTS\VISUAL STUDIO 2012\PROJECTS\OSCARSELFIE\X64\DEBUG\OSCARSELFIE.ILK
C:\USERS\MAHE\DOCUMENTS\VISUAL STUDIO 2012\PROJECTS\OSCARSELFIE\X64\DEBUG\OSCARSELFIE.EXE
C:\USERS\MAHE\DOCUMENTS\VISUAL STUDIO 2012\PROJECTS\OSCARSELFIE\X64\DEBUG\OSCARSELFIE.PDB
c:\Users\mahe\documents\visual studio 2012\Projects\oscarselfie\oscarselfie\x64\Debug\Source.obj
c:\Users\mahe\documents\visual studio 2012\Projects\oscarselfie\oscarselfie\x64\Debug\cl.command.1.tlog
c:\Users\mahe\documents\visual studio 2012\Projects\oscarselfie\oscarselfie\x64\Debug\CL.read.1.tlog
c:\Users\mahe\documents\visual studio 2012\Projects\oscarselfie\oscarselfie\x64\Debug\CL.write.1.tlog
c:\Users\mahe\documents\visual studio 2012\Projects\oscarselfie\oscarselfie\x64\Debug\link-cvtres.read.1.tlog
c:\Users\mahe\documents\visual studio 2012\Projects\oscarselfie\oscarselfie\x64\Debug\link-cvtres.write.1.tlog
c:\Users\mahe\documents\visual studio 2012\Projects\oscarselfie\oscarselfie\x64\Debug\link-rc.read.1.tlog
c:\Users\mahe\documents\visual studio 2012\Projects\oscarselfie\oscarselfie\x64\Debug\link-rc.write.1.tlog
c:\Users\mahe\documents\visual studio 2012\Projects\oscarselfie\oscarselfie\x64\Debug\link.command.1.tlog
c:\Users\mahe\documents\visual studio 2012\Projects\oscarselfie\oscarselfie\x64\Debug\link.read.1.tlog
c:\Users\mahe\documents\visual studio 2012\Projects\oscarselfie\oscarselfie\x64\Debug\link.write.1.tlog
c:\Users\mahe\documents\visual studio 2012\Projects\oscarselfie\oscarselfie\x64\Debug\vc110.idb
c:\Users\mahe\documents\visual studio 2012\Projects\oscarselfie\oscarselfie\x64\Debug\vc110.pdb
c:\users\mahe\documents\visual studio 2012\Projects\oscarselfie\x64\Debug\oscarselfie.pdb
c:\users\mahe\documents\visual studio 2012\Projects\oscarselfie\x64\Debug\oscarselfie.exe
c:\users\mahe\documents\visual studio 2012\Projects\oscarselfie\x64\Debug\oscarselfie.ilk
